ERROR 2022-05-25 22:16:44,681 - Our First Log Message - Stephanie Jacobs
ERROR 2022-05-25 22:16:46,687 - Our First Log Message - Marie Wright
ERROR 2022-05-25 22:16:48,693 - Our First Log Message - Deborah Lewis
ERROR 2022-05-25 22:16:50,699 - Our First Log Message - Helen Morton
ERROR 2022-05-25 22:16:52,705 - Our First Log Message - Timothy Hunt
ERROR 2022-05-25 22:16:54,709 - Our First Log Message - Joy Bradley
ERROR 2022-05-25 22:16:56,714 - Our First Log Message - Dr. Luis Frazier
ERROR 2022-05-25 22:16:58,718 - Our First Log Message - Crystal Stewart
ERROR 2022-05-25 22:17:00,724 - Our First Log Message - Jessica Garcia
ERROR 2022-05-25 22:17:02,730 - Our First Log Message - Eric Hampton
ERROR 2022-05-25 22:17:04,738 - Our First Log Message - Kathryn Taylor
ERROR 2022-05-25 22:17:06,741 - Our First Log Message - Catherine Thornton
ERROR 2022-05-25 22:17:08,746 - Our First Log Message - Gina Miller
ERROR 2022-05-25 22:17:10,752 - Our First Log Message - Dr. Cynthia Gomez DVM
ERROR 2022-05-25 22:17:12,758 - Our First Log Message - Matthew Simmons
ERROR 2022-05-25 22:17:14,761 - Our First Log Message - John Serrano
ERROR 2022-05-25 22:17:16,767 - Our First Log Message - Christina Robertson
ERROR 2022-05-25 22:17:18,773 - Our First Log Message - Johnny Campbell
ERROR 2022-05-25 22:17:20,779 - Our First Log Message - Ashley Hernandez
ERROR 2022-05-25 22:17:22,786 - Our First Log Message - Melissa Lyons
ERROR 2022-05-25 22:17:24,787 - Our First Log Message - Joseph House
ERROR 2022-05-25 22:17:26,792 - Our First Log Message - Samantha Young
ERROR 2022-05-25 22:17:28,797 - Our First Log Message - Kimberly Diaz
ERROR 2022-05-25 22:17:30,804 - Our First Log Message - Richard Ryan
ERROR 2022-05-25 22:17:32,808 - Our First Log Message - Terry Vaughn
ERROR 2022-05-25 22:17:34,815 - Our First Log Message - Christopher Wood
ERROR 2022-05-25 22:17:36,821 - Our First Log Message - Susan Evans
ERROR 2022-05-25 22:17:38,827 - Our First Log Message - Jose Vaughn
ERROR 2022-05-25 22:17:40,832 - Our First Log Message - Mrs. Tammy Smith
ERROR 2022-05-25 22:17:42,834 - Our First Log Message - Philip Stafford
ERROR 2022-05-25 22:17:44,836 - Our First Log Message - Todd Bender
ERROR 2022-05-25 22:17:46,842 - Our First Log Message - Maria Young
ERROR 2022-05-25 22:17:48,846 - Our First Log Message - Michael Williams
ERROR 2022-05-25 22:17:50,853 - Our First Log Message - Christine Chavez
ERROR 2022-05-25 22:17:52,858 - Our First Log Message - Alexandra Gonzalez
ERROR 2022-05-25 22:17:54,860 - Our First Log Message - Mary Waters
ERROR 2022-05-25 22:17:56,862 - Our First Log Message - John Dudley
ERROR 2022-05-25 22:17:58,868 - Our First Log Message - Daisy Williams
